<?xml version="1.0" encoding="UTF-8"?>
<testsuite name="com.example.springcalcaulator.SpringCalcaulatorApplicationTests" tests="1" skipped="0" failures="0" errors="0" timestamp="2022-09-06T15:39:03" hostname="DESKTOP-SM8MLLP" time="0.007">
  <properties/>
  <testcase name="contextLoads()" classname="com.example.springcalcaulator.SpringCalcaulatorApplicationTests" time="0.007"/>
  <system-out><![CDATA[2022-09-07 00:39:02.416  INFO 40564 --- [    Test worker] .b.t.c.SpringBootTestContextBootstrapper : Neither @ContextConfiguration nor @ContextHierarchy found for test class [com.example.springcalcaulator.SpringCalcaulatorApplicationTests], using SpringBootContextLoader
2022-09-07 00:39:02.418  INFO 40564 --- [    Test worker] o.s.t.c.support.AbstractContextLoader    : Could not detect default resource locations for test class [com.example.springcalcaulator.SpringCalcaulatorApplicationTests]: no resource found for suffixes {-context.xml, Context.groovy}.
2022-09-07 00:39:02.418  INFO 40564 --- [    Test worker] t.c.s.AnnotationConfigContextLoaderUtils : Could not detect default configuration classes for test class [com.example.springcalcaulator.SpringCalcaulatorApplicationTests]: SpringCalcaulatorApplicationTests does not declare any static, non-private, non-final, nested classes annotated with @Configuration.
2022-09-07 00:39:02.432  INFO 40564 --- [    Test worker] .b.t.c.SpringBootTestContextBootstrapper : Found @SpringBootConfiguration com.example.springcalcaulator.SpringCalcaulatorApplication for test class com.example.springcalcaulator.SpringCalcaulatorApplicationTests
2022-09-07 00:39:02.445  INFO 40564 --- [    Test worker] .b.t.c.SpringBootTestContextBootstrapper : Loaded default TestExecutionListener class names from location [META-INF/spring.factories]: [org.springframework.boot.test.autoconfigure.restdocs.RestDocsTestExecutionListener, org.springframework.boot.test.autoconfigure.web.client.MockRestServiceServerResetTestExecutionListener, org.springframework.boot.test.autoconfigure.web.servlet.MockMvcPrintOnlyOnFailureTestExecutionListener, org.springframework.boot.test.autoconfigure.web.servlet.WebDriverTestExecutionListener, org.springframework.boot.test.autoconfigure.webservices.client.MockWebServiceServerTestExecutionListener, org.springframework.boot.test.mock.mockito.MockitoTestExecutionListener, org.springframework.boot.test.mock.mockito.ResetMocksTestExecutionListener, org.springframework.test.context.web.ServletTestExecutionListener, org.springframework.test.context.support.DirtiesContextBeforeModesTestExecutionListener, org.springframework.test.context.event.ApplicationEventsTestExecutionListener, org.springframework.test.context.support.DependencyInjectionTestExecutionListener, org.springframework.test.context.support.DirtiesContextTestExecutionListener, org.springframework.test.context.transaction.TransactionalTestExecutionListener, org.springframework.test.context.jdbc.SqlScriptsTestExecutionListener, org.springframework.test.context.event.EventPublishingTestExecutionListener]
2022-09-07 00:39:02.447  INFO 40564 --- [    Test worker] .b.t.c.SpringBootTestContextBootstrapper : Using TestExecutionListeners: [org.springframework.test.context.web.ServletTestExecutionListener@4103e6b7, org.springframework.test.context.support.DirtiesContextBeforeModesTestExecutionListener@2685b654, org.springframework.test.context.event.ApplicationEventsTestExecutionListener@1120bcc1, org.springframework.boot.test.mock.mockito.MockitoTestExecutionListener@60d31a5e, org.springframework.boot.test.autoconfigure.SpringBootDependencyInjectionTestExecutionListener@3e3b6ead, org.springframework.test.context.support.DirtiesContextTestExecutionListener@35074828, org.springframework.test.context.event.EventPublishingTestExecutionListener@21d53cfd, org.springframework.boot.test.autoconfigure.restdocs.RestDocsTestExecutionListener@59acd373, org.springframework.boot.test.autoconfigure.web.client.MockRestServiceServerResetTestExecutionListener@3c0790ed, org.springframework.boot.test.autoconfigure.web.servlet.MockMvcPrintOnlyOnFailureTestExecutionListener@334ec94d, org.springframework.boot.test.autoconfigure.web.servlet.WebDriverTestExecutionListener@3bf4390d, org.springframework.boot.test.autoconfigure.webservices.client.MockWebServiceServerTestExecutionListener@4fc424b, org.springframework.boot.test.mock.mockito.ResetMocksTestExecutionListener@4fc3ac1]

  .   ____          _            __ _ _
 /\\ / ___'_ __ _ _(_)_ __  __ _ \ \ \ \
( ( )\___ | '_ | '_| | '_ \/ _` | \ \ \ \
 \\/  ___)| |_)| | | | | || (_| |  ) ) ) )
  '  |____| .__|_| |_|_| |_\__, | / / / /
 =========|_|==============|___/=/_/_/_/
 :: Spring Boot ::                (v2.7.3)

2022-09-07 00:39:02.526  INFO 40564 --- [    Test worker] c.e.s.SpringCalcaulatorApplicationTests  : Starting SpringCalcaulatorApplicationTests using Java 11.0.15 on DESKTOP-SM8MLLP with PID 40564 (started by hsjja in C:\Users\hsjja\IdeaProjects\spring-calcaulator)
2022-09-07 00:39:02.527  INFO 40564 --- [    Test worker] c.e.s.SpringCalcaulatorApplicationTests  : No active profile set, falling back to 1 default profile: "default"
2022-09-07 00:39:03.905  INFO 40564 --- [    Test worker] c.e.s.SpringCalcaulatorApplicationTests  : Started SpringCalcaulatorApplicationTests in 1.453 seconds (JVM running for 12.648)
]]></system-out>
  <system-err><![CDATA[]]></system-err>
</testsuite>
