<?xml version="1.0" encoding="UTF-8"?>
<testsuite name="com.example.springcalcaulator.controller.CalculatorApiControllerTest" tests="2" skipped="0" failures="0" errors="0" timestamp="2022-09-06T15:39:01" hostname="DESKTOP-SM8MLLP" time="0.915">
  <properties/>
  <testcase name="sumTest()" classname="com.example.springcalcaulator.controller.CalculatorApiControllerTest" time="0.385"/>
  <testcase name="minusTest()" classname="com.example.springcalcaulator.controller.CalculatorApiControllerTest" time="0.527"/>
  <system-out><![CDATA[00:38:55.299 [Test worker] DEBUG org.springframework.test.context.BootstrapUtils - Instantiating CacheAwareContextLoaderDelegate from class [org.springframework.test.context.cache.DefaultCacheAwareContextLoaderDelegate]
00:38:55.350 [Test worker] DEBUG org.springframework.test.context.BootstrapUtils - Instantiating BootstrapContext using constructor [public org.springframework.test.context.support.DefaultBootstrapContext(java.lang.Class,org.springframework.test.context.CacheAwareContextLoaderDelegate)]
00:38:55.518 [Test worker] DEBUG org.springframework.test.context.BootstrapUtils - Instantiating TestContextBootstrapper for test class [com.example.springcalcaulator.controller.CalculatorApiControllerTest] from class [org.springframework.boot.test.autoconfigure.web.servlet.WebMvcTestContextBootstrapper]
00:38:55.567 [Test worker] INFO org.springframework.boot.test.autoconfigure.web.servlet.WebMvcTestContextBootstrapper - Neither @ContextConfiguration nor @ContextHierarchy found for test class [com.example.springcalcaulator.controller.CalculatorApiControllerTest], using SpringBootContextLoader
00:38:55.584 [Test worker] DEBUG org.springframework.test.context.support.AbstractContextLoader - Did not detect default resource location for test class [com.example.springcalcaulator.controller.CalculatorApiControllerTest]: class path resource [com/example/springcalcaulator/controller/CalculatorApiControllerTest-context.xml] does not exist
00:38:55.586 [Test worker] DEBUG org.springframework.test.context.support.AbstractContextLoader - Did not detect default resource location for test class [com.example.springcalcaulator.controller.CalculatorApiControllerTest]: class path resource [com/example/springcalcaulator/controller/CalculatorApiControllerTestContext.groovy] does not exist
00:38:55.587 [Test worker] INFO org.springframework.test.context.support.AbstractContextLoader - Could not detect default resource locations for test class [com.example.springcalcaulator.controller.CalculatorApiControllerTest]: no resource found for suffixes {-context.xml, Context.groovy}.
00:38:55.590 [Test worker] INFO org.springframework.test.context.support.AnnotationConfigContextLoaderUtils - Could not detect default configuration classes for test class [com.example.springcalcaulator.controller.CalculatorApiControllerTest]: CalculatorApiControllerTest does not declare any static, non-private, non-final, nested classes annotated with @Configuration.
00:38:55.833 [Test worker] DEBUG org.springframework.test.context.support.ActiveProfilesUtils - Could not find an 'annotation declaring class' for annotation type [org.springframework.test.context.ActiveProfiles] and class [com.example.springcalcaulator.controller.CalculatorApiControllerTest]
00:38:56.024 [Test worker] DEBUG org.springframework.context.annotation.ClassPathScanningCandidateComponentProvider - Identified candidate component class: file [C:\Users\hsjja\IdeaProjects\spring-calcaulator\build\classes\java\main\com\example\springcalcaulator\SpringCalcaulatorApplication.class]
00:38:56.026 [Test worker] INFO org.springframework.boot.test.context.SpringBootTestContextBootstrapper - Found @SpringBootConfiguration com.example.springcalcaulator.SpringCalcaulatorApplication for test class com.example.springcalcaulator.controller.CalculatorApiControllerTest
00:38:56.033 [Test worker] DEBUG org.springframework.boot.test.autoconfigure.web.servlet.WebMvcTestContextBootstrapper - @TestExecutionListeners is not present for class [com.example.springcalcaulator.controller.CalculatorApiControllerTest]: using defaults.
00:38:56.035 [Test worker] INFO org.springframework.boot.test.autoconfigure.web.servlet.WebMvcTestContextBootstrapper - Loaded default TestExecutionListener class names from location [META-INF/spring.factories]: [org.springframework.boot.test.autoconfigure.restdocs.RestDocsTestExecutionListener, org.springframework.boot.test.autoconfigure.web.client.MockRestServiceServerResetTestExecutionListener, org.springframework.boot.test.autoconfigure.web.servlet.MockMvcPrintOnlyOnFailureTestExecutionListener, org.springframework.boot.test.autoconfigure.web.servlet.WebDriverTestExecutionListener, org.springframework.boot.test.autoconfigure.webservices.client.MockWebServiceServerTestExecutionListener, org.springframework.boot.test.mock.mockito.MockitoTestExecutionListener, org.springframework.boot.test.mock.mockito.ResetMocksTestExecutionListener, org.springframework.test.context.web.ServletTestExecutionListener, org.springframework.test.context.support.DirtiesContextBeforeModesTestExecutionListener, org.springframework.test.context.event.ApplicationEventsTestExecutionListener, org.springframework.test.context.support.DependencyInjectionTestExecutionListener, org.springframework.test.context.support.DirtiesContextTestExecutionListener, org.springframework.test.context.transaction.TransactionalTestExecutionListener, org.springframework.test.context.jdbc.SqlScriptsTestExecutionListener, org.springframework.test.context.event.EventPublishingTestExecutionListener]
00:38:56.070 [Test worker] DEBUG org.springframework.boot.test.autoconfigure.web.servlet.WebMvcTestContextBootstrapper - Skipping candidate TestExecutionListener [org.springframework.test.context.transaction.TransactionalTestExecutionListener] due to a missing dependency. Specify custom listener classes or make the default listener classes and their required dependencies available. Offending class: [org/springframework/transaction/interceptor/TransactionAttributeSource]
00:38:56.071 [Test worker] DEBUG org.springframework.boot.test.autoconfigure.web.servlet.WebMvcTestContextBootstrapper - Skipping candidate TestExecutionListener [org.springframework.test.context.jdbc.SqlScriptsTestExecutionListener] due to a missing dependency. Specify custom listener classes or make the default listener classes and their required dependencies available. Offending class: [org/springframework/transaction/interceptor/TransactionAttribute]
00:38:56.072 [Test worker] INFO org.springframework.boot.test.autoconfigure.web.servlet.WebMvcTestContextBootstrapper - Using TestExecutionListeners: [org.springframework.test.context.web.ServletTestExecutionListener@2358443e, org.springframework.test.context.support.DirtiesContextBeforeModesTestExecutionListener@25e796fe, org.springframework.test.context.event.ApplicationEventsTestExecutionListener@62c53685, org.springframework.boot.test.mock.mockito.MockitoTestExecutionListener@29ba63f0, org.springframework.boot.test.autoconfigure.SpringBootDependencyInjectionTestExecutionListener@4822ab4d, org.springframework.test.context.support.DirtiesContextTestExecutionListener@516b84d1, org.springframework.test.context.event.EventPublishingTestExecutionListener@1ad1f167, org.springframework.boot.test.autoconfigure.restdocs.RestDocsTestExecutionListener@608eb42e, org.springframework.boot.test.autoconfigure.web.client.MockRestServiceServerResetTestExecutionListener@3d2b13b1, org.springframework.boot.test.autoconfigure.web.servlet.MockMvcPrintOnlyOnFailureTestExecutionListener@30eb55c9, org.springframework.boot.test.autoconfigure.web.servlet.WebDriverTestExecutionListener@2524d07a, org.springframework.boot.test.autoconfigure.webservices.client.MockWebServiceServerTestExecutionListener@309e3f34, org.springframework.boot.test.mock.mockito.ResetMocksTestExecutionListener@554d040d]
00:38:56.081 [Test worker] DEBUG org.springframework.test.context.support.AbstractDirtiesContextTestExecutionListener - Before test class: context [DefaultTestContext@60861e5d testClass = CalculatorApiControllerTest, testInstance = [null], testMethod = [null], testException = [null], mergedContextConfiguration = [WebMergedContextConfiguration@37d81587 testClass = CalculatorApiControllerTest, locations = '{}', classes = '{class com.example.springcalcaulator.SpringCalcaulatorApplication}', contextInitializerClasses = '[]', activeProfiles = '{}', propertySourceLocations = '{}', propertySourceProperties = '{org.springframework.boot.test.autoconfigure.web.servlet.WebMvcTestContextBootstrapper=true}', contextCustomizers = set[org.springframework.boot.test.autoconfigure.OverrideAutoConfigurationContextCustomizerFactory$DisableAutoConfigurationContextCustomizer@300bb303, org.springframework.boot.test.autoconfigure.actuate.metrics.MetricsExportContextCustomizerFactory$DisableMetricExportContextCustomizer@15d65fcf, org.springframework.boot.test.autoconfigure.filter.TypeExcludeFiltersContextCustomizer@ecd9d608, org.springframework.boot.test.autoconfigure.properties.PropertyMappingContextCustomizer@151a5c89, org.springframework.boot.test.autoconfigure.web.servlet.WebDriverContextCustomizerFactory$Customizer@ae3c140, [ImportsContextCustomizer@7f3e9acc key = [org.springframework.boot.autoconfigure.cache.CacheAutoConfiguration, org.springframework.boot.autoconfigure.context.MessageSourceAutoConfiguration, org.springframework.boot.autoconfigure.data.web.SpringDataWebAutoConfiguration, org.springframework.boot.autoconfigure.freemarker.FreeMarkerAutoConfiguration, org.springframework.boot.autoconfigure.groovy.template.GroovyTemplateAutoConfiguration, org.springframework.boot.autoconfigure.gson.GsonAutoConfiguration, org.springframework.boot.autoconfigure.hateoas.HypermediaAutoConfiguration, org.springframework.boot.autoconfigure.http.HttpMessageConvertersAutoConfiguration, org.springframework.boot.autoconfigure.jackson.JacksonAutoConfiguration, org.springframework.boot.autoconfigure.jsonb.JsonbAutoConfiguration, org.springframework.boot.autoconfigure.mustache.MustacheAutoConfiguration, org.springframework.boot.autoconfigure.task.TaskExecutionAutoConfiguration, org.springframework.boot.autoconfigure.thymeleaf.ThymeleafAutoConfiguration, org.springframework.boot.autoconfigure.validation.ValidationAutoConfiguration, org.springframework.boot.autoconfigure.web.servlet.error.ErrorMvcAutoConfiguration, org.springframework.boot.autoconfigure.web.servlet.HttpEncodingAutoConfiguration, org.springframework.boot.autoconfigure.web.servlet.WebMvcAutoConfiguration, org.springframework.boot.test.autoconfigure.web.servlet.MockMvcAutoConfiguration, org.springframework.boot.test.autoconfigure.web.servlet.MockMvcWebClientAutoConfiguration, org.springframework.boot.test.autoconfigure.web.servlet.MockMvcWebDriverAutoConfiguration, org.springframework.boot.autoconfigure.security.oauth2.client.servlet.OAuth2ClientAutoConfiguration, org.springframework.boot.autoconfigure.security.oauth2.resource.servlet.OAuth2ResourceServerAutoConfiguration, org.springframework.boot.autoconfigure.security.servlet.SecurityAutoConfiguration, org.springframework.boot.autoconfigure.security.servlet.SecurityFilterAutoConfiguration, org.springframework.boot.autoconfigure.security.servlet.UserDetailsServiceAutoConfiguration, org.springframework.boot.test.autoconfigure.web.servlet.MockMvcSecurityConfiguration, org.springframework.boot.test.autoconfigure.web.reactive.WebTestClientAutoConfiguration, com.example.springcalcaulator.component.Calculator, com.example.springcalcaulator.component.DollarCalculator]], org.springframework.boot.test.context.filter.ExcludeFilterContextCustomizer@4070ace9, org.springframework.boot.test.json.DuplicateJsonObjectContextCustomizerFactory$DuplicateJsonObjectContextCustomizer@296676c4, org.springframework.boot.test.mock.mockito.MockitoContextCustomizer@bb682500, org.springframework.boot.test.context.SpringBootTestArgs@1, org.springframework.boot.test.context.SpringBootTestWebEnvironment@0], resourceBasePath = 'src/main/webapp', contextLoader = 'org.springframework.boot.test.context.SpringBootContextLoader', parent = [null]], attributes = map[[empty]]], class annotated with @DirtiesContext [false] with mode [null].

  .   ____          _            __ _ _
 /\\ / ___'_ __ _ _(_)_ __  __ _ \ \ \ \
( ( )\___ | '_ | '_| | '_ \/ _` | \ \ \ \
 \\/  ___)| |_)| | | | | || (_| |  ) ) ) )
  '  |____| .__|_| |_|_| |_\__, | / / / /
 =========|_|==============|___/=/_/_/_/
 :: Spring Boot ::                (v2.7.3)

2022-09-07 00:38:57.221  INFO 40564 --- [    Test worker] c.e.s.c.CalculatorApiControllerTest      : Starting CalculatorApiControllerTest using Java 11.0.15 on DESKTOP-SM8MLLP with PID 40564 (started by hsjja in C:\Users\hsjja\IdeaProjects\spring-calcaulator)
2022-09-07 00:38:57.224  INFO 40564 --- [    Test worker] c.e.s.c.CalculatorApiControllerTest      : No active profile set, falling back to 1 default profile: "default"
2022-09-07 00:39:01.350  INFO 40564 --- [    Test worker] o.s.b.t.m.w.SpringBootMockServletContext : Initializing Spring TestDispatcherServlet ''
2022-09-07 00:39:01.351  INFO 40564 --- [    Test worker] o.s.t.web.servlet.TestDispatcherServlet  : Initializing Servlet ''
2022-09-07 00:39:01.354  INFO 40564 --- [    Test worker] o.s.t.web.servlet.TestDispatcherServlet  : Completed initialization in 3 ms
2022-09-07 00:39:01.461  INFO 40564 --- [    Test worker] c.e.s.c.CalculatorApiControllerTest      : Started CalculatorApiControllerTest in 5.25 seconds (JVM running for 10.204)

MockHttpServletRequest:
      HTTP Method = GET
      Request URI = /api/sum
       Parameters = {x=[10], y=[10]}
          Headers = []
             Body = null
    Session Attrs = {}

Handler:
             Type = com.example.springcalcaulator.controller.CalcullatorApiController
           Method = com.example.springcalcaulator.controller.CalcullatorApiController#sum(int, int)

Async:
    Async started = false
     Async result = null

Resolved Exception:
             Type = null

ModelAndView:
        View name = null
             View = null
            Model = null

FlashMap:
       Attributes = null

MockHttpServletResponse:
           Status = 200
    Error message = null
          Headers = [Content-Type:"application/json"]
     Content type = application/json
             Body = 60000
    Forwarded URL = null
   Redirected URL = null
          Cookies = []

MockHttpServletRequest:
      HTTP Method = POST
      Request URI = /api/minus
       Parameters = {}
          Headers = [Content-Type:"application/json;charset=UTF-8", Content-Length:"15"]
             Body = {"x":10,"y":10}
    Session Attrs = {}

Handler:
             Type = com.example.springcalcaulator.controller.CalcullatorApiController
           Method = com.example.springcalcaulator.controller.CalcullatorApiController#minus(Req)

Async:
    Async started = false
     Async result = null

Resolved Exception:
             Type = null

ModelAndView:
        View name = null
             View = null
            Model = null

FlashMap:
       Attributes = null

MockHttpServletResponse:
           Status = 200
    Error message = null
          Headers = [Content-Type:"application/json"]
     Content type = application/json
             Body = {"result":0,"response":{"resultCode":"OK"}}
    Forwarded URL = null
   Redirected URL = null
          Cookies = []
]]></system-out>
  <system-err><![CDATA[]]></system-err>
</testsuite>
