<?xml version="1.0" encoding="UTF-8"?>
<testsuite name="com.example.springcalcaulator.component.DollarTest" tests="1" skipped="0" failures="0" errors="0" timestamp="2022-09-06T15:39:04" hostname="DESKTOP-SM8MLLP" time="0.013">
  <properties/>
  <testcase name="dollarCalculatorTest()" classname="com.example.springcalcaulator.component.DollarTest" time="0.013"/>
  <system-out><![CDATA[2022-09-07 00:39:03.924  INFO 40564 --- [    Test worker] .b.t.c.SpringBootTestContextBootstrapper : Neither @ContextConfiguration nor @ContextHierarchy found for test class [com.example.springcalcaulator.component.DollarTest], using SpringBootContextLoader
2022-09-07 00:39:03.927  INFO 40564 --- [    Test worker] o.s.t.c.support.AbstractContextLoader    : Could not detect default resource locations for test class [com.example.springcalcaulator.component.DollarTest]: no resource found for suffixes {-context.xml, Context.groovy}.
2022-09-07 00:39:03.927  INFO 40564 --- [    Test worker] t.c.s.AnnotationConfigContextLoaderUtils : Could not detect default configuration classes for test class [com.example.springcalcaulator.component.DollarTest]: DollarTest does not declare any static, non-private, non-final, nested classes annotated with @Configuration.
2022-09-07 00:39:03.952  INFO 40564 --- [    Test worker] .b.t.c.SpringBootTestContextBootstrapper : Found @SpringBootConfiguration com.example.springcalcaulator.SpringCalcaulatorApplication for test class com.example.springcalcaulator.component.DollarTest
2022-09-07 00:39:03.956  INFO 40564 --- [    Test worker] .b.t.c.SpringBootTestContextBootstrapper : Loaded default TestExecutionListener class names from location [META-INF/spring.factories]: [org.springframework.boot.test.autoconfigure.restdocs.RestDocsTestExecutionListener, org.springframework.boot.test.autoconfigure.web.client.MockRestServiceServerResetTestExecutionListener, org.springframework.boot.test.autoconfigure.web.servlet.MockMvcPrintOnlyOnFailureTestExecutionListener, org.springframework.boot.test.autoconfigure.web.servlet.WebDriverTestExecutionListener, org.springframework.boot.test.autoconfigure.webservices.client.MockWebServiceServerTestExecutionListener, org.springframework.boot.test.mock.mockito.MockitoTestExecutionListener, org.springframework.boot.test.mock.mockito.ResetMocksTestExecutionListener, org.springframework.test.context.web.ServletTestExecutionListener, org.springframework.test.context.support.DirtiesContextBeforeModesTestExecutionListener, org.springframework.test.context.event.ApplicationEventsTestExecutionListener, org.springframework.test.context.support.DependencyInjectionTestExecutionListener, org.springframework.test.context.support.DirtiesContextTestExecutionListener, org.springframework.test.context.transaction.TransactionalTestExecutionListener, org.springframework.test.context.jdbc.SqlScriptsTestExecutionListener, org.springframework.test.context.event.EventPublishingTestExecutionListener]
2022-09-07 00:39:03.959  INFO 40564 --- [    Test worker] .b.t.c.SpringBootTestContextBootstrapper : Using TestExecutionListeners: [org.springframework.test.context.web.ServletTestExecutionListener@bbeb347, org.springframework.test.context.support.DirtiesContextBeforeModesTestExecutionListener@235e45a3, org.springframework.test.context.event.ApplicationEventsTestExecutionListener@f90fa28, org.springframework.boot.test.mock.mockito.MockitoTestExecutionListener@f2ba7f9, org.springframework.boot.test.autoconfigure.SpringBootDependencyInjectionTestExecutionListener@71f109d0, org.springframework.test.context.support.DirtiesContextTestExecutionListener@20d33910, org.springframework.test.context.event.EventPublishingTestExecutionListener@281ad698, org.springframework.boot.test.autoconfigure.restdocs.RestDocsTestExecutionListener@7a5ca80d, org.springframework.boot.test.autoconfigure.web.client.MockRestServiceServerResetTestExecutionListener@39a911f, org.springframework.boot.test.autoconfigure.web.servlet.MockMvcPrintOnlyOnFailureTestExecutionListener@3ab833c5, org.springframework.boot.test.autoconfigure.web.servlet.WebDriverTestExecutionListener@44e88c1c, org.springframework.boot.test.autoconfigure.webservices.client.MockWebServiceServerTestExecutionListener@5b6b484c, org.springframework.boot.test.mock.mockito.ResetMocksTestExecutionListener@cae3857]

  .   ____          _            __ _ _
 /\\ / ___'_ __ _ _(_)_ __  __ _ \ \ \ \
( ( )\___ | '_ | '_| | '_ \/ _` | \ \ \ \
 \\/  ___)| |_)| | | | | || (_| |  ) ) ) )
  '  |____| .__|_| |_|_| |_\__, | / / / /
 =========|_|==============|___/=/_/_/_/
 :: Spring Boot ::                (v2.7.3)

2022-09-07 00:39:04.014  INFO 40564 --- [    Test worker] c.e.s.component.DollarTest               : Starting DollarTest using Java 11.0.15 on DESKTOP-SM8MLLP with PID 40564 (started by hsjja in C:\Users\hsjja\IdeaProjects\spring-calcaulator)
2022-09-07 00:39:04.014  INFO 40564 --- [    Test worker] c.e.s.component.DollarTest               : No active profile set, falling back to 1 default profile: "default"
2022-09-07 00:39:04.949  INFO 40564 --- [    Test worker] c.e.s.component.DollarTest               : Started DollarTest in 0.985 seconds (JVM running for 13.692)
]]></system-out>
  <system-err><![CDATA[]]></system-err>
</testsuite>
